[arenacoelhos.my.canva.site/index.html]
[backblue.gif]
[fade.gif]
[index.html]
[arenacoelhos.my.canva.site/26387fa4f5b1e3f7b6217b27d79bf264.png]
[arenacoelhos.my.canva.site/2d0b56e7e51cf11036ad8734bdb67e2d.png]
[arenacoelhos.my.canva.site/725b756a69a7d4c235070e51acd85560.png]
[arenacoelhos.my.canva.site/01feeb8e28649b73ebc4de1d4feaa797.png]
[arenacoelhos.my.canva.site/fonts/e609efb90aabe72475bbbd19aeb1de0e.woff2]
[arenacoelhos.my.canva.site/fonts/450d7530ab7aee079f9640de21748c69.woff2]
[arenacoelhos.my.canva.site/fonts/2379fff25d9a69a820a8f953d69f7539.woff2]
[arenacoelhos.my.canva.site/fonts/fc4ecf59d5c29b3e2d9cf723d0affa88.woff2]
[arenacoelhos.my.canva.site/fonts/0f51dde8c57b40c49c7ff8fb58c5f853.woff2]
[arenacoelhos.my.canva.site/fonts/8341187ae9c6ecede8f59d0e1094d80e.woff2]
[arenacoelhos.my.canva.site/fonts/9c6d9222a46fbd08fba728aeea74d161.woff2]
[arenacoelhos.my.canva.site/fonts/f8f199f09526f79e87644ed227e0f651.woff2]
[arenacoelhos.my.canva.site/fonts/98c4d2c0223fc8474641c77f923528e9.woff2]
[arenacoelhos.my.canva.site/fonts/d257a7100844bc3f98c9021168b6249e.woff2]
[arenacoelhos.my.canva.site/fonts/1060345c54d396e76d73f1da7ee200bd.woff2]
[arenacoelhos.my.canva.site/images/0c0266e15d76ba44735c33bcc0e27c74.svg]
[arenacoelhos.my.canva.site/images/1af2b3042aefb4cfc648ce359d183a08.svg]
[arenacoelhos.my.canva.site/images/9ac4a8cfa8e842e424850744554ad1b5.svg]
[arenacoelhos.my.canva.site/'data_image/png;base64,']
[arenacoelhos.my.canva.site/images/1655e5f00362d22500a27a6ea313fa01.jpg]
[arenacoelhos.my.canva.site/images/3a0551dac185ef6132b59a16a3c21f28.jpg]
[arenacoelhos.my.canva.site/images/42790e3ad69c2ae296ac5414e7c1ffd3.jpg]
[arenacoelhos.my.canva.site/images/36c0c8c2b9f20258954ff54c6445b08a.jpg]
[arenacoelhos.my.canva.site/images/96f31c7cb0d12c3108602de6f2c5d363.svg]
[arenacoelhos.my.canva.site/images/82ca36770005b7351e28866a8e56be82.svg]
[arenacoelhos.my.canva.site/images/19951775e37ee348133b7cd5fda8923d.svg]
[arenacoelhos.my.canva.site/images/7d58a9bf5a1dde59658410cc1f74e95e.svg]
[arenacoelhos.my.canva.site/index.html]
[arenacoelhos.my.canva.site/images/0c0266e15d76ba44735c33bcc0e27c74.svg]
[arenacoelhos.my.canva.site/images/1af2b3042aefb4cfc648ce359d183a08.svg]
[arenacoelhos.my.canva.site/images/9ac4a8cfa8e842e424850744554ad1b5.svg]
[arenacoelhos.my.canva.site/'data_image/png;base64,'.html]
[arenacoelhos.my.canva.site/images/96f31c7cb0d12c3108602de6f2c5d363.svg]
[arenacoelhos.my.canva.site/images/82ca36770005b7351e28866a8e56be82.svg]
[arenacoelhos.my.canva.site/images/19951775e37ee348133b7cd5fda8923d.svg]
[arenacoelhos.my.canva.site/images/7d58a9bf5a1dde59658410cc1f74e95e.svg]
[arenacoelhos.my.canva.site/js/939898b427480d700449229ff00dbb8a6f9f77442b532f697866e6914ab8843a.js]
